<?xml version="1.0" encoding="UTF-8"?>
<!-- Generated by org.testng.reporters.JUnitXMLReporter -->
<testsuite hostname="DESKTOP-O8MMCF7" ignored="0" name="Test" tests="4" failures="0" timestamp="23 Oct 2018 08:15:39 GMT" time="0.524" errors="0">
  <testcase name="BrowserAUtomation" time="0.05" classname="qaclickacademy.SeleniumTest"/>
  <testcase name="elementsUi" time="0.004" classname="qaclickacademy.SeleniumTest"/>
  <testcase name="deleteTwitter" time="0.003" classname="qaclickacademy.RESTAPITest"/>
  <testcase name="postJira" time="0.005" classname="qaclickacademy.RESTAPITest"/>
</testsuite> <!-- Test -->
