<?xml version="1.0" encoding="UTF-8"?>
<!-- Generated by org.testng.reporters.JUnitXMLReporter -->
<testsuite hostname="DESKTOP-O8MMCF7" ignored="0" name="Command line test" tests="6" failures="0" timestamp="14 Nov 2018 12:40:36 GMT" time="0.173" errors="0">
  <testcase name="IOSApps" time="0.06" classname="qaclickacademy.AppiumTest"/>
  <testcase name="NativeAPpAndroid" time="0.001" classname="qaclickacademy.AppiumTest"/>
  <testcase name="deleteTwitter" time="0.002" classname="qaclickacademy.RESTAPITest"/>
  <testcase name="postJira" time="0.001" classname="qaclickacademy.RESTAPITest"/>
  <testcase name="BrowserAUtomation" time="0.001" classname="qaclickacademy.SeleniumTest"/>
  <testcase name="elementsUi" time="0.002" classname="qaclickacademy.SeleniumTest"/>
</testsuite> <!-- Command line test -->
