<?xml version="1.0" encoding="UTF-8"?>
<testng-results skipped="0" failed="0" ignored="0" total="4" passed="4">
  <reporter-output>
  </reporter-output>
  <suite name="Suite" duration-ms="524" started-at="2018-10-23T08:15:38Z" finished-at="2018-10-23T08:15:38Z">
    <groups>
    </groups>
    <test name="Test" duration-ms="524" started-at="2018-10-23T08:15:38Z" finished-at="2018-10-23T08:15:38Z">
      <class name="qaclickacademy.RESTAPITest">
        <test-method status="PASS" signature="deleteTwitter()[pri:0, instance:qaclickacademy.RESTAPITest@f6c48ac]" name="deleteTwitter" duration-ms="3" started-at="2018-10-23T08:15:38Z" finished-at="2018-10-23T08:15:38Z">
          <reporter-output>
          </reporter-output>
        </test-method> <!-- deleteTwitter -->
        <test-method status="PASS" signature="postJira()[pri:0, instance:qaclickacademy.RESTAPITest@f6c48ac]" name="postJira" duration-ms="5" started-at="2018-10-23T08:15:38Z" finished-at="2018-10-23T08:15:38Z">
          <reporter-output>
          </reporter-output>
        </test-method> <!-- postJira -->
      </class> <!-- qaclickacademy.RESTAPITest -->
      <class name="qaclickacademy.SeleniumTest">
        <test-method status="PASS" signature="BrowserAUtomation()[pri:0, instance:qaclickacademy.SeleniumTest@4dfa3a9d]" name="BrowserAUtomation" duration-ms="50" started-at="2018-10-23T08:15:38Z" finished-at="2018-10-23T08:15:38Z">
          <reporter-output>
          </reporter-output>
        </test-method> <!-- BrowserAUtomation -->
        <test-method status="PASS" signature="elementsUi()[pri:0, instance:qaclickacademy.SeleniumTest@4dfa3a9d]" name="elementsUi" duration-ms="4" started-at="2018-10-23T08:15:38Z" finished-at="2018-10-23T08:15:38Z">
          <reporter-output>
          </reporter-output>
        </test-method> <!-- elementsUi -->
      </class> <!-- qaclickacademy.SeleniumTest -->
    </test> <!-- Test -->
  </suite> <!-- Suite -->
</testng-results>
